<?xml version="1.0" encoding="UTF-8"?>
<coverage generated="1715952735043" clover="3.2.0">
  <project timestamp="1715952735044" name="All files">
    <metrics statements="111" coveredstatements="100" conditionals="18" coveredconditionals="14" methods="44" coveredmethods="34" elements="173" coveredelements="148" complexity="0" loc="111" ncloc="111" packages="2" files="18" classes="18"/>
    <package name="components">
      <metrics statements="82" coveredstatements="76" conditionals="18" coveredconditionals="14" methods="34" coveredmethods="29"/>
      <file name="Body.js" path="C:\Users\aravi\Desktop\namaste-react\namaste_react-main\src\components\Body.js">
        <metrics statements="28" coveredstatements="26" conditionals="6" coveredconditionals="4" methods="10" coveredmethods="9"/>
        <line num="10" count="1" type="stmt"/>
        <line num="12" count="7" type="stmt"/>
        <line num="13" count="7" type="stmt"/>
        <line num="14" count="7" type="stmt"/>
        <line num="16" count="7" type="stmt"/>
        <line num="18" count="7" type="stmt"/>
        <line num="19" count="2" type="stmt"/>
        <line num="22" count="7" type="stmt"/>
        <line num="23" count="2" type="stmt"/>
        <line num="27" count="2" type="stmt"/>
        <line num="28" count="2" type="stmt"/>
        <line num="30" count="2" type="stmt"/>
        <line num="33" count="2" type="stmt"/>
        <line num="38" count="7" type="stmt"/>
        <line num="40" count="7" type="cond" truecount="1" falsecount="1"/>
        <line num="41" count="0" type="stmt"/>
        <line num="49" count="7" type="stmt"/>
        <line num="51" count="7" type="cond" truecount="2" falsecount="0"/>
        <line num="63" count="1" type="stmt"/>
        <line num="70" count="1" type="stmt"/>
        <line num="71" count="20" type="stmt"/>
        <line num="75" count="1" type="stmt"/>
        <line num="85" count="1" type="stmt"/>
        <line num="86" count="20" type="stmt"/>
        <line num="88" count="1" type="stmt"/>
        <line num="89" count="1" type="stmt"/>
        <line num="100" count="0" type="stmt"/>
        <line num="106" count="75" type="stmt"/>
      </file>
      <file name="Cart.js" path="C:\Users\aravi\Desktop\namaste-react\namaste_react-main\src\components\Cart.js">
        <metrics statements="6" coveredstatements="5" conditionals="2" coveredconditionals="2" methods="3" coveredmethods="2"/>
        <line num="5" count="1" type="stmt"/>
        <line num="7" count="2" type="stmt"/>
        <line num="9" count="1" type="stmt"/>
        <line num="10" count="1" type="stmt"/>
        <line num="11" count="0" type="stmt"/>
        <line num="14" count="1" type="stmt"/>
      </file>
      <file name="Contact.js" path="C:\Users\aravi\Desktop\namaste-react\namaste_react-main\src\components\Contact.js">
        <metrics statements="2" coveredstatements="2" conditionals="0" coveredconditionals="0" methods="1" coveredmethods="1"/>
        <line num="3" count="1" type="stmt"/>
        <line num="4" count="10" type="stmt"/>
      </file>
      <file name="Grocery.js" path="C:\Users\aravi\Desktop\namaste-react\namaste_react-main\src\components\Grocery.js">
        <metrics statements="2" coveredstatements="1" conditionals="0" coveredconditionals="0" methods="1" coveredmethods="0"/>
        <line num="3" count="2" type="stmt"/>
        <line num="4" count="0" type="stmt"/>
      </file>
      <file name="Header.js" path="C:\Users\aravi\Desktop\namaste-react\namaste_react-main\src\components\Header.js">
        <metrics statements="10" coveredstatements="10" conditionals="4" coveredconditionals="2" methods="4" coveredmethods="4"/>
        <line num="10" count="2" type="stmt"/>
        <line num="11" count="5" type="stmt"/>
        <line num="13" count="5" type="stmt"/>
        <line num="15" count="5" type="stmt"/>
        <line num="19" count="9" type="stmt"/>
        <line num="20" count="5" type="stmt"/>
        <line num="22" count="5" type="stmt"/>
        <line num="23" count="5" type="stmt"/>
        <line num="26" count="5" type="stmt"/>
        <line num="52" count="1" type="cond" truecount="1" falsecount="1"/>
      </file>
      <file name="ItemList.js" path="C:\Users\aravi\Desktop\namaste-react\namaste_react-main\src\components\ItemList.js">
        <metrics statements="7" coveredstatements="5" conditionals="0" coveredconditionals="0" methods="4" coveredmethods="2"/>
        <line num="5" count="1" type="stmt"/>
        <line num="7" count="2" type="stmt"/>
        <line num="8" count="2" type="stmt"/>
        <line num="10" count="0" type="stmt"/>
        <line num="13" count="2" type="stmt"/>
        <line num="16" count="9" type="stmt"/>
        <line num="32" count="0" type="stmt"/>
      </file>
      <file name="RestaurantCard.js" path="C:\Users\aravi\Desktop\namaste-react\namaste_react-main\src\components\RestaurantCard.js">
        <metrics statements="8" coveredstatements="8" conditionals="0" coveredconditionals="0" methods="3" coveredmethods="3"/>
        <line num="3" count="2" type="stmt"/>
        <line num="4" count="75" type="stmt"/>
        <line num="5" count="75" type="stmt"/>
        <line num="7" count="75" type="stmt"/>
        <line num="9" count="75" type="stmt"/>
        <line num="27" count="2" type="stmt"/>
        <line num="28" count="7" type="stmt"/>
        <line num="29" count="75" type="stmt"/>
      </file>
      <file name="RestaurantCategory.js" path="C:\Users\aravi\Desktop\namaste-react\namaste_react-main\src\components\RestaurantCategory.js">
        <metrics statements="4" coveredstatements="4" conditionals="2" coveredconditionals="2" methods="2" coveredmethods="2"/>
        <line num="6" count="1" type="stmt"/>
        <line num="7" count="28" type="stmt"/>
        <line num="8" count="1" type="stmt"/>
        <line num="11" count="28" type="stmt"/>
      </file>
      <file name="RestaurantMenu.js" path="C:\Users\aravi\Desktop\namaste-react\namaste_react-main\src\components\RestaurantMenu.js">
        <metrics statements="11" coveredstatements="11" conditionals="4" coveredconditionals="4" methods="4" coveredmethods="4"/>
        <line num="10" count="1" type="stmt"/>
        <line num="14" count="3" type="stmt"/>
        <line num="16" count="3" type="stmt"/>
        <line num="18" count="3" type="stmt"/>
        <line num="21" count="3" type="cond" truecount="2" falsecount="0"/>
        <line num="24" count="2" type="stmt"/>
        <line num="27" count="2" type="stmt"/>
        <line num="30" count="34" type="stmt"/>
        <line num="35" count="2" type="stmt"/>
        <line num="45" count="28" type="stmt"/>
        <line num="49" count="1" type="stmt"/>
      </file>
      <file name="Shimmer.js" path="C:\Users\aravi\Desktop\namaste-react\namaste_react-main\src\components\Shimmer.js">
        <metrics statements="2" coveredstatements="2" conditionals="0" coveredconditionals="0" methods="1" coveredmethods="1"/>
        <line num="1" count="2" type="stmt"/>
        <line num="2" count="3" type="stmt"/>
      </file>
      <file name="sum.js" path="C:\Users\aravi\Desktop\namaste-react\namaste_react-main\src\components\sum.js">
        <metrics statements="2" coveredstatements="2" conditionals="0" coveredconditionals="0" methods="1" coveredmethods="1"/>
        <line num="3" count="1" type="stmt"/>
        <line num="4" count="1" type="stmt"/>
      </file>
    </package>
    <package name="utils">
      <metrics statements="29" coveredstatements="24" conditionals="0" coveredconditionals="0" methods="10" coveredmethods="5"/>
      <file name="UserContext.js" path="C:\Users\aravi\Desktop\namaste-react\namaste_react-main\src\utils\UserContext.js">
        <metrics statements="1" coveredstatements="1" conditionals="0" coveredconditionals="0" methods="0" coveredmethods="0"/>
        <line num="3" count="3" type="stmt"/>
      </file>
      <file name="appStore.js" path="C:\Users\aravi\Desktop\namaste-react\namaste_react-main\src\utils\appStore.js">
        <metrics statements="1" coveredstatements="1" conditionals="0" coveredconditionals="0" methods="0" coveredmethods="0"/>
        <line num="4" count="2" type="stmt"/>
      </file>
      <file name="cartSlice.js" path="C:\Users\aravi\Desktop\namaste-react\namaste_react-main\src\utils\cartSlice.js">
        <metrics statements="6" coveredstatements="3" conditionals="0" coveredconditionals="0" methods="3" coveredmethods="0"/>
        <line num="4" count="2" type="stmt"/>
        <line num="13" count="0" type="stmt"/>
        <line num="16" count="0" type="stmt"/>
        <line num="19" count="0" type="stmt"/>
        <line num="24" count="2" type="stmt"/>
        <line num="28" count="2" type="stmt"/>
      </file>
      <file name="constants.js" path="C:\Users\aravi\Desktop\namaste-react\namaste_react-main\src\utils\constants.js">
        <metrics statements="3" coveredstatements="3" conditionals="0" coveredconditionals="0" methods="0" coveredmethods="0"/>
        <line num="2" count="3" type="stmt"/>
        <line num="7" count="3" type="stmt"/>
        <line num="10" count="3" type="stmt"/>
      </file>
      <file name="mockData.js" path="C:\Users\aravi\Desktop\namaste-react\namaste_react-main\src\utils\mockData.js">
        <metrics statements="1" coveredstatements="1" conditionals="0" coveredconditionals="0" methods="0" coveredmethods="0"/>
        <line num="1" count="1" type="stmt"/>
      </file>
      <file name="useOnlineStatus.js" path="C:\Users\aravi\Desktop\namaste-react\namaste_react-main\src\utils\useOnlineStatus.js">
        <metrics statements="8" coveredstatements="6" conditionals="0" coveredconditionals="0" methods="4" coveredmethods="2"/>
        <line num="4" count="3" type="stmt"/>
        <line num="5" count="12" type="stmt"/>
        <line num="7" count="12" type="stmt"/>
        <line num="8" count="12" type="stmt"/>
        <line num="9" count="0" type="stmt"/>
        <line num="12" count="12" type="stmt"/>
        <line num="13" count="0" type="stmt"/>
        <line num="18" count="12" type="stmt"/>
      </file>
      <file name="useRestaurantMenu.js" path="C:\Users\aravi\Desktop\namaste-react\namaste_react-main\src\utils\useRestaurantMenu.js">
        <metrics statements="9" coveredstatements="9" conditionals="0" coveredconditionals="0" methods="3" coveredmethods="3"/>
        <line num="4" count="1" type="stmt"/>
        <line num="5" count="3" type="stmt"/>
        <line num="7" count="3" type="stmt"/>
        <line num="8" count="1" type="stmt"/>
        <line num="11" count="3" type="stmt"/>
        <line num="12" count="1" type="stmt"/>
        <line num="18" count="1" type="stmt"/>
        <line num="19" count="1" type="stmt"/>
        <line num="23" count="3" type="stmt"/>
      </file>
    </package>
  </project>
</coverage>
