{"C:\\Users\\aravi\\Desktop\\namaste-react\\namaste_react-main\\src\\components\\Body.js": {"path":"C:\\Users\\aravi\\Desktop\\namaste-react\\namaste_react-main\\src\\components\\Body.js","statementMap":{"0":{"start":{"line":10,"column":13},"end":{"line":120,"column":1}},"1":{"start":{"line":12,"column":52},"end":{"line":12,"column":64}},"2":{"start":{"line":13,"column":38},"end":{"line":13,"column":50}},"3":{"start":{"line":14,"column":53},"end":{"line":14,"column":65}},"4":{"start":{"line":16,"column":31},"end":{"line":16,"column":62}},"5":{"start":{"line":18,"column":2},"end":{"line":20,"column":9}},"6":{"start":{"line":19,"column":4},"end":{"line":19,"column":16}},"7":{"start":{"line":22,"column":20},"end":{"line":36,"column":3}},"8":{"start":{"line":23,"column":17},"end":{"line":25,"column":5}},"9":{"start":{"line":27,"column":17},"end":{"line":27,"column":34}},"10":{"start":{"line":28,"column":4},"end":{"line":28,"column":22}},"11":{"start":{"line":30,"column":4},"end":{"line":32,"column":6}},"12":{"start":{"line":33,"column":4},"end":{"line":35,"column":6}},"13":{"start":{"line":38,"column":23},"end":{"line":38,"column":40}},"14":{"start":{"line":40,"column":2},"end":{"line":46,"column":3}},"15":{"start":{"line":41,"column":4},"end":{"line":45,"column":6}},"16":{"start":{"line":49,"column":38},"end":{"line":49,"column":61}},"17":{"start":{"line":51,"column":2},"end":{"line":119,"column":4}},"18":{"start":{"line":63,"column":14},"end":{"line":63,"column":44}},"19":{"start":{"line":70,"column":35},"end":{"line":74,"column":16}},"20":{"start":{"line":71,"column":16},"end":{"line":73,"column":54}},"21":{"start":{"line":75,"column":14},"end":{"line":75,"column":50}},"22":{"start":{"line":85,"column":33},"end":{"line":87,"column":15}},"23":{"start":{"line":86,"column":25},"end":{"line":86,"column":47}},"24":{"start":{"line":88,"column":14},"end":{"line":88,"column":50}},"25":{"start":{"line":89,"column":14},"end":{"line":89,"column":40}},"26":{"start":{"line":100,"column":29},"end":{"line":100,"column":56}},"27":{"start":{"line":106,"column":10},"end":{"line":115,"column":17}}},"fnMap":{"0":{"name":"(anonymous_0)","decl":{"start":{"line":10,"column":13},"end":{"line":10,"column":14}},"loc":{"start":{"line":10,"column":19},"end":{"line":120,"column":1}},"line":10},"1":{"name":"(anonymous_1)","decl":{"start":{"line":18,"column":12},"end":{"line":18,"column":13}},"loc":{"start":{"line":18,"column":18},"end":{"line":20,"column":3}},"line":18},"2":{"name":"(anonymous_2)","decl":{"start":{"line":22,"column":20},"end":{"line":22,"column":21}},"loc":{"start":{"line":22,"column":32},"end":{"line":36,"column":3}},"line":22},"3":{"name":"(anonymous_3)","decl":{"start":{"line":62,"column":22},"end":{"line":62,"column":23}},"loc":{"start":{"line":62,"column":29},"end":{"line":64,"column":13}},"line":62},"4":{"name":"(anonymous_4)","decl":{"start":{"line":68,"column":21},"end":{"line":68,"column":22}},"loc":{"start":{"line":68,"column":27},"end":{"line":76,"column":13}},"line":68},"5":{"name":"(anonymous_5)","decl":{"start":{"line":70,"column":60},"end":{"line":70,"column":61}},"loc":{"start":{"line":70,"column":69},"end":{"line":74,"column":15}},"line":70},"6":{"name":"(anonymous_6)","decl":{"start":{"line":84,"column":21},"end":{"line":84,"column":22}},"loc":{"start":{"line":84,"column":27},"end":{"line":90,"column":13}},"line":84},"7":{"name":"(anonymous_7)","decl":{"start":{"line":86,"column":16},"end":{"line":86,"column":17}},"loc":{"start":{"line":86,"column":25},"end":{"line":86,"column":47}},"line":86},"8":{"name":"(anonymous_8)","decl":{"start":{"line":100,"column":22},"end":{"line":100,"column":23}},"loc":{"start":{"line":100,"column":29},"end":{"line":100,"column":56}},"line":100},"9":{"name":"(anonymous_9)","decl":{"start":{"line":105,"column":32},"end":{"line":105,"column":33}},"loc":{"start":{"line":106,"column":10},"end":{"line":115,"column":17}},"line":106}},"branchMap":{"0":{"loc":{"start":{"line":40,"column":2},"end":{"line":46,"column":3}},"type":"if","locations":[{"start":{"line":40,"column":2},"end":{"line":46,"column":3}},{"start":{},"end":{}}],"line":40},"1":{"loc":{"start":{"line":51,"column":9},"end":{"line":119,"column":3}},"type":"cond-expr","locations":[{"start":{"line":52,"column":4},"end":{"line":52,"column":15}},{"start":{"line":54,"column":4},"end":{"line":118,"column":10}}],"line":51},"2":{"loc":{"start":{"line":110,"column":13},"end":{"line":114,"column":13}},"type":"cond-expr","locations":[{"start":{"line":111,"column":14},"end":{"line":111,"column":59}},{"start":{"line":113,"column":14},"end":{"line":113,"column":53}}],"line":110}},"s":{"0":1,"1":4,"2":4,"3":4,"4":4,"5":4,"6":1,"7":4,"8":1,"9":1,"10":1,"11":1,"12":1,"13":4,"14":4,"15":0,"16":4,"17":4,"18":1,"19":1,"20":20,"21":1,"22":0,"23":0,"24":0,"25":0,"26":0,"27":41},"f":{"0":4,"1":1,"2":1,"3":1,"4":1,"5":20,"6":0,"7":0,"8":0,"9":41},"b":{"0":[0,4],"1":[1,3],"2":[41,0]},"_coverageSchema":"1a1c01bbd47fc00a2c39e90264f33305004495a9","hash":"9a7c2a0c75f459c09737d04b2f3b4f86b5fed387"}
,"C:\\Users\\aravi\\Desktop\\namaste-react\\namaste_react-main\\src\\components\\Contact.js": {"path":"C:\\Users\\aravi\\Desktop\\namaste-react\\namaste_react-main\\src\\components\\Contact.js","statementMap":{"0":{"start":{"line":3,"column":16},"end":{"line":22,"column":1}},"1":{"start":{"line":4,"column":4},"end":{"line":21,"column":6}}},"fnMap":{"0":{"name":"(anonymous_0)","decl":{"start":{"line":3,"column":16},"end":{"line":3,"column":17}},"loc":{"start":{"line":3,"column":22},"end":{"line":22,"column":1}},"line":3}},"branchMap":{},"s":{"0":1,"1":10},"f":{"0":10},"b":{},"_coverageSchema":"1a1c01bbd47fc00a2c39e90264f33305004495a9","hash":"f301d6ba58b9b1617e72bf3dfadc6c8d4a8c822b"}
,"C:\\Users\\aravi\\Desktop\\namaste-react\\namaste_react-main\\src\\components\\Grocery.js": {"path":"C:\\Users\\aravi\\Desktop\\namaste-react\\namaste_react-main\\src\\components\\Grocery.js","statementMap":{"0":{"start":{"line":3,"column":16},"end":{"line":9,"column":1}},"1":{"start":{"line":4,"column":4},"end":{"line":8,"column":6}}},"fnMap":{"0":{"name":"(anonymous_0)","decl":{"start":{"line":3,"column":16},"end":{"line":3,"column":17}},"loc":{"start":{"line":3,"column":21},"end":{"line":9,"column":1}},"line":3}},"branchMap":{},"s":{"0":1,"1":0},"f":{"0":0},"b":{},"_coverageSchema":"1a1c01bbd47fc00a2c39e90264f33305004495a9","hash":"c11342b7b57d99e6a76bc1dd9cd2000cfbd4ccbc"}
,"C:\\Users\\aravi\\Desktop\\namaste-react\\namaste_react-main\\src\\components\\Header.js": {"path":"C:\\Users\\aravi\\Desktop\\namaste-react\\namaste_react-main\\src\\components\\Header.js","statementMap":{"0":{"start":{"line":10,"column":15},"end":{"line":64,"column":1}},"1":{"start":{"line":11,"column":42},"end":{"line":11,"column":59}},"2":{"start":{"line":13,"column":23},"end":{"line":13,"column":40}},"3":{"start":{"line":15,"column":25},"end":{"line":15,"column":48}},"4":{"start":{"line":19,"column":20},"end":{"line":19,"column":60}},"5":{"start":{"line":19,"column":43},"end":{"line":19,"column":59}},"6":{"start":{"line":20,"column":2},"end":{"line":20,"column":25}},"7":{"start":{"line":22,"column":2},"end":{"line":24,"column":20}},"8":{"start":{"line":23,"column":4},"end":{"line":23,"column":20}},"9":{"start":{"line":26,"column":2},"end":{"line":63,"column":4}},"10":{"start":{"line":52,"column":14},"end":{"line":54,"column":43}}},"fnMap":{"0":{"name":"(anonymous_0)","decl":{"start":{"line":10,"column":15},"end":{"line":10,"column":16}},"loc":{"start":{"line":10,"column":21},"end":{"line":64,"column":1}},"line":10},"1":{"name":"(anonymous_1)","decl":{"start":{"line":19,"column":32},"end":{"line":19,"column":33}},"loc":{"start":{"line":19,"column":43},"end":{"line":19,"column":59}},"line":19},"2":{"name":"(anonymous_2)","decl":{"start":{"line":22,"column":12},"end":{"line":22,"column":13}},"loc":{"start":{"line":22,"column":17},"end":{"line":24,"column":3}},"line":22},"3":{"name":"(anonymous_3)","decl":{"start":{"line":51,"column":21},"end":{"line":51,"column":22}},"loc":{"start":{"line":51,"column":27},"end":{"line":55,"column":13}},"line":51}},"branchMap":{"0":{"loc":{"start":{"line":33,"column":48},"end":{"line":33,"column":73}},"type":"cond-expr","locations":[{"start":{"line":33,"column":63},"end":{"line":33,"column":66}},{"start":{"line":33,"column":69},"end":{"line":33,"column":73}}],"line":33},"1":{"loc":{"start":{"line":52,"column":14},"end":{"line":54,"column":42}},"type":"cond-expr","locations":[{"start":{"line":53,"column":18},"end":{"line":53,"column":43}},{"start":{"line":54,"column":18},"end":{"line":54,"column":42}}],"line":52}},"s":{"0":1,"1":4,"2":4,"3":4,"4":4,"5":7,"6":4,"7":4,"8":4,"9":4,"10":1},"f":{"0":4,"1":7,"2":4,"3":1},"b":{"0":[4,0],"1":[1,0]},"_coverageSchema":"1a1c01bbd47fc00a2c39e90264f33305004495a9","hash":"708718b1486c31d48fad73c3ae1f6bd10c847c72"}
,"C:\\Users\\aravi\\Desktop\\namaste-react\\namaste_react-main\\src\\components\\RestaurantCard.js": {"path":"C:\\Users\\aravi\\Desktop\\namaste-react\\namaste_react-main\\src\\components\\RestaurantCard.js","statementMap":{"0":{"start":{"line":3,"column":23},"end":{"line":25,"column":1}},"1":{"start":{"line":4,"column":22},"end":{"line":4,"column":27}},"2":{"start":{"line":5,"column":2},"end":{"line":5,"column":23}},"3":{"start":{"line":7,"column":4},"end":{"line":7,"column":17}},"4":{"start":{"line":9,"column":2},"end":{"line":24,"column":4}},"5":{"start":{"line":27,"column":31},"end":{"line":36,"column":1}},"6":{"start":{"line":28,"column":2},"end":{"line":35,"column":3}},"7":{"start":{"line":29,"column":4},"end":{"line":34,"column":5}}},"fnMap":{"0":{"name":"(anonymous_0)","decl":{"start":{"line":3,"column":23},"end":{"line":3,"column":24}},"loc":{"start":{"line":3,"column":34},"end":{"line":25,"column":1}},"line":3},"1":{"name":"(anonymous_1)","decl":{"start":{"line":27,"column":31},"end":{"line":27,"column":32}},"loc":{"start":{"line":27,"column":50},"end":{"line":36,"column":1}},"line":27},"2":{"name":"(anonymous_2)","decl":{"start":{"line":28,"column":9},"end":{"line":28,"column":10}},"loc":{"start":{"line":28,"column":20},"end":{"line":35,"column":3}},"line":28}},"branchMap":{},"s":{"0":1,"1":41,"2":41,"3":41,"4":41,"5":1,"6":4,"7":41},"f":{"0":41,"1":4,"2":41},"b":{},"_coverageSchema":"1a1c01bbd47fc00a2c39e90264f33305004495a9","hash":"99bc0acb163386a6ed250b8be5607cda3e28d8d5"}
,"C:\\Users\\aravi\\Desktop\\namaste-react\\namaste_react-main\\src\\components\\Shimmer.js": {"path":"C:\\Users\\aravi\\Desktop\\namaste-react\\namaste_react-main\\src\\components\\Shimmer.js","statementMap":{"0":{"start":{"line":1,"column":16},"end":{"line":21,"column":1}},"1":{"start":{"line":2,"column":4},"end":{"line":20,"column":5}}},"fnMap":{"0":{"name":"(anonymous_0)","decl":{"start":{"line":1,"column":16},"end":{"line":1,"column":17}},"loc":{"start":{"line":1,"column":21},"end":{"line":21,"column":1}},"line":1}},"branchMap":{},"s":{"0":1,"1":1},"f":{"0":1},"b":{},"_coverageSchema":"1a1c01bbd47fc00a2c39e90264f33305004495a9","hash":"3318127e8d303f3a7f63eaf48af67c13082a2e95"}
,"C:\\Users\\aravi\\Desktop\\namaste-react\\namaste_react-main\\src\\components\\sum.js": {"path":"C:\\Users\\aravi\\Desktop\\namaste-react\\namaste_react-main\\src\\components\\sum.js","statementMap":{"0":{"start":{"line":3,"column":19},"end":{"line":5,"column":1}},"1":{"start":{"line":4,"column":4},"end":{"line":4,"column":17}}},"fnMap":{"0":{"name":"(anonymous_0)","decl":{"start":{"line":3,"column":19},"end":{"line":3,"column":20}},"loc":{"start":{"line":3,"column":28},"end":{"line":5,"column":1}},"line":3}},"branchMap":{},"s":{"0":1,"1":1},"f":{"0":1},"b":{},"_coverageSchema":"1a1c01bbd47fc00a2c39e90264f33305004495a9","hash":"f80fc443faa395adcda0f60e1375ee6b45bd4fff"}
,"C:\\Users\\aravi\\Desktop\\namaste-react\\namaste_react-main\\src\\utils\\UserContext.js": {"path":"C:\\Users\\aravi\\Desktop\\namaste-react\\namaste_react-main\\src\\utils\\UserContext.js","statementMap":{"0":{"start":{"line":3,"column":20},"end":{"line":5,"column":2}}},"fnMap":{},"branchMap":{},"s":{"0":2},"f":{},"b":{},"_coverageSchema":"1a1c01bbd47fc00a2c39e90264f33305004495a9","hash":"96676ca25277a269ffb56ef51fb68b97926d951b"}
,"C:\\Users\\aravi\\Desktop\\namaste-react\\namaste_react-main\\src\\utils\\appStore.js": {"path":"C:\\Users\\aravi\\Desktop\\namaste-react\\namaste_react-main\\src\\utils\\appStore.js","statementMap":{"0":{"start":{"line":4,"column":17},"end":{"line":8,"column":2}}},"fnMap":{},"branchMap":{},"s":{"0":1},"f":{},"b":{},"_coverageSchema":"1a1c01bbd47fc00a2c39e90264f33305004495a9","hash":"5bc18a94e352e31883d6b884dad117705ab2dedd"}
,"C:\\Users\\aravi\\Desktop\\namaste-react\\namaste_react-main\\src\\utils\\cartSlice.js": {"path":"C:\\Users\\aravi\\Desktop\\namaste-react\\namaste_react-main\\src\\utils\\cartSlice.js","statementMap":{"0":{"start":{"line":4,"column":18},"end":{"line":22,"column":2}},"1":{"start":{"line":13,"column":12},"end":{"line":13,"column":45}},"2":{"start":{"line":16,"column":12},"end":{"line":16,"column":30}},"3":{"start":{"line":19,"column":12},"end":{"line":19,"column":35}},"4":{"start":{"line":24,"column":0},"end":{"line":24,"column":23}},"5":{"start":{"line":28,"column":49},"end":{"line":28,"column":66}}},"fnMap":{"0":{"name":"(anonymous_0)","decl":{"start":{"line":11,"column":17},"end":{"line":11,"column":18}},"loc":{"start":{"line":11,"column":35},"end":{"line":14,"column":9}},"line":11},"1":{"name":"(anonymous_1)","decl":{"start":{"line":15,"column":20},"end":{"line":15,"column":21}},"loc":{"start":{"line":15,"column":29},"end":{"line":17,"column":9}},"line":15},"2":{"name":"(anonymous_2)","decl":{"start":{"line":18,"column":19},"end":{"line":18,"column":20}},"loc":{"start":{"line":18,"column":30},"end":{"line":20,"column":9}},"line":18}},"branchMap":{},"s":{"0":1,"1":0,"2":0,"3":0,"4":1,"5":1},"f":{"0":0,"1":0,"2":0},"b":{},"_coverageSchema":"1a1c01bbd47fc00a2c39e90264f33305004495a9","hash":"4521620d08a8935d3b02910531c8938950d88a64"}
,"C:\\Users\\aravi\\Desktop\\namaste-react\\namaste_react-main\\src\\utils\\constants.js": {"path":"C:\\Users\\aravi\\Desktop\\namaste-react\\namaste_react-main\\src\\utils\\constants.js","statementMap":{"0":{"start":{"line":2,"column":2},"end":{"line":2,"column":85}},"1":{"start":{"line":7,"column":4},"end":{"line":7,"column":82}},"2":{"start":{"line":10,"column":2},"end":{"line":10,"column":121}}},"fnMap":{},"branchMap":{},"s":{"0":2,"1":2,"2":2},"f":{},"b":{},"_coverageSchema":"1a1c01bbd47fc00a2c39e90264f33305004495a9","hash":"d09694ab8398b03dccef855717fedd4363f08d01"}
,"C:\\Users\\aravi\\Desktop\\namaste-react\\namaste_react-main\\src\\utils\\mockData.js": {"path":"C:\\Users\\aravi\\Desktop\\namaste-react\\namaste_react-main\\src\\utils\\mockData.js","statementMap":{"0":{"start":{"line":1,"column":16},"end":{"line":1387,"column":1}}},"fnMap":{},"branchMap":{},"s":{"0":1},"f":{},"b":{},"_coverageSchema":"1a1c01bbd47fc00a2c39e90264f33305004495a9","hash":"1f7044461b559a31a63c40f9cdc5dfec6de80c62"}
,"C:\\Users\\aravi\\Desktop\\namaste-react\\namaste_react-main\\src\\utils\\useOnlineStatus.js": {"path":"C:\\Users\\aravi\\Desktop\\namaste-react\\namaste_react-main\\src\\utils\\useOnlineStatus.js","statementMap":{"0":{"start":{"line":4,"column":24},"end":{"line":19,"column":1}},"1":{"start":{"line":5,"column":44},"end":{"line":5,"column":58}},"2":{"start":{"line":7,"column":4},"end":{"line":15,"column":7}},"3":{"start":{"line":8,"column":8},"end":{"line":10,"column":11}},"4":{"start":{"line":9,"column":12},"end":{"line":9,"column":35}},"5":{"start":{"line":12,"column":8},"end":{"line":14,"column":11}},"6":{"start":{"line":13,"column":12},"end":{"line":13,"column":34}},"7":{"start":{"line":18,"column":4},"end":{"line":18,"column":24}}},"fnMap":{"0":{"name":"(anonymous_0)","decl":{"start":{"line":4,"column":24},"end":{"line":4,"column":25}},"loc":{"start":{"line":4,"column":30},"end":{"line":19,"column":1}},"line":4},"1":{"name":"(anonymous_1)","decl":{"start":{"line":7,"column":14},"end":{"line":7,"column":15}},"loc":{"start":{"line":7,"column":20},"end":{"line":15,"column":5}},"line":7},"2":{"name":"(anonymous_2)","decl":{"start":{"line":8,"column":42},"end":{"line":8,"column":43}},"loc":{"start":{"line":8,"column":46},"end":{"line":10,"column":9}},"line":8},"3":{"name":"(anonymous_3)","decl":{"start":{"line":12,"column":40},"end":{"line":12,"column":41}},"loc":{"start":{"line":12,"column":44},"end":{"line":14,"column":9}},"line":12}},"branchMap":{},"s":{"0":2,"1":8,"2":8,"3":8,"4":0,"5":8,"6":0,"7":8},"f":{"0":8,"1":8,"2":0,"3":0},"b":{},"_coverageSchema":"1a1c01bbd47fc00a2c39e90264f33305004495a9","hash":"d021a9a3074fda88cc5c83f5db745485ecf3a070"}
}
