TN:
SF:src\components\Body.js
FN:10,(anonymous_0)
FN:18,(anonymous_1)
FN:22,(anonymous_2)
FN:62,(anonymous_3)
FN:68,(anonymous_4)
FN:70,(anonymous_5)
FN:84,(anonymous_6)
FN:86,(anonymous_7)
FN:100,(anonymous_8)
FN:105,(anonymous_9)
FNF:10
FNH:9
FNDA:7,(anonymous_0)
FNDA:2,(anonymous_1)
FNDA:2,(anonymous_2)
FNDA:1,(anonymous_3)
FNDA:1,(anonymous_4)
FNDA:20,(anonymous_5)
FNDA:1,(anonymous_6)
FNDA:20,(anonymous_7)
FNDA:0,(anonymous_8)
FNDA:75,(anonymous_9)
DA:10,1
DA:12,7
DA:13,7
DA:14,7
DA:16,7
DA:18,7
DA:19,2
DA:22,7
DA:23,2
DA:27,2
DA:28,2
DA:30,2
DA:33,2
DA:38,7
DA:40,7
DA:41,0
DA:49,7
DA:51,7
DA:63,1
DA:70,1
DA:71,20
DA:75,1
DA:85,1
DA:86,20
DA:88,1
DA:89,1
DA:100,0
DA:106,75
LF:28
LH:26
BRDA:40,0,0,0
BRDA:40,0,1,7
BRDA:51,1,0,2
BRDA:51,1,1,5
BRDA:110,2,0,75
BRDA:110,2,1,0
BRF:6
BRH:4
end_of_record
TN:
SF:src\components\Cart.js
FN:5,(anonymous_0)
FN:7,(anonymous_1)
FN:10,(anonymous_2)
FNF:3
FNH:2
FNDA:1,(anonymous_0)
FNDA:2,(anonymous_1)
FNDA:0,(anonymous_2)
DA:5,1
DA:7,2
DA:9,1
DA:10,1
DA:11,0
DA:14,1
LF:6
LH:5
BRDA:22,0,0,1
BRDA:22,0,1,1
BRF:2
BRH:2
end_of_record
TN:
SF:src\components\Contact.js
FN:3,(anonymous_0)
FNF:1
FNH:1
FNDA:10,(anonymous_0)
DA:3,1
DA:4,10
LF:2
LH:2
BRF:0
BRH:0
end_of_record
TN:
SF:src\components\Grocery.js
FN:3,(anonymous_0)
FNF:1
FNH:0
FNDA:0,(anonymous_0)
DA:3,2
DA:4,0
LF:2
LH:1
BRF:0
BRH:0
end_of_record
TN:
SF:src\components\Header.js
FN:10,(anonymous_0)
FN:19,(anonymous_1)
FN:22,(anonymous_2)
FN:51,(anonymous_3)
FNF:4
FNH:4
FNDA:5,(anonymous_0)
FNDA:9,(anonymous_1)
FNDA:5,(anonymous_2)
FNDA:1,(anonymous_3)
DA:10,2
DA:11,5
DA:13,5
DA:15,5
DA:19,9
DA:20,5
DA:22,5
DA:23,5
DA:26,5
DA:52,1
LF:10
LH:10
BRDA:33,0,0,5
BRDA:33,0,1,0
BRDA:52,1,0,1
BRDA:52,1,1,0
BRF:4
BRH:2
end_of_record
TN:
SF:src\components\ItemList.js
FN:5,(anonymous_0)
FN:8,(anonymous_1)
FN:15,(anonymous_2)
FN:32,(anonymous_3)
FNF:4
FNH:2
FNDA:2,(anonymous_0)
FNDA:0,(anonymous_1)
FNDA:9,(anonymous_2)
FNDA:0,(anonymous_3)
DA:5,1
DA:7,2
DA:8,2
DA:10,0
DA:13,2
DA:16,9
DA:32,0
LF:7
LH:5
BRF:0
BRH:0
end_of_record
TN:
SF:src\components\RestaurantCard.js
FN:3,(anonymous_0)
FN:27,(anonymous_1)
FN:28,(anonymous_2)
FNF:3
FNH:3
FNDA:75,(anonymous_0)
FNDA:7,(anonymous_1)
FNDA:75,(anonymous_2)
DA:3,2
DA:4,75
DA:5,75
DA:7,75
DA:9,75
DA:27,2
DA:28,7
DA:29,75
LF:8
LH:8
BRF:0
BRH:0
end_of_record
TN:
SF:src\components\RestaurantCategory.js
FN:6,(anonymous_0)
FN:7,(anonymous_1)
FNF:2
FNH:2
FNDA:28,(anonymous_0)
FNDA:1,(anonymous_1)
DA:6,1
DA:7,28
DA:8,1
DA:11,28
LF:4
LH:4
BRDA:22,0,0,28
BRDA:22,0,1,1
BRF:2
BRH:2
end_of_record
TN:
SF:src\components\RestaurantMenu.js
FN:10,(anonymous_0)
FN:30,(anonymous_1)
FN:43,(anonymous_2)
FN:49,(anonymous_3)
FNF:4
FNH:4
FNDA:3,(anonymous_0)
FNDA:34,(anonymous_1)
FNDA:28,(anonymous_2)
FNDA:1,(anonymous_3)
DA:10,1
DA:14,3
DA:16,3
DA:18,3
DA:21,3
DA:24,2
DA:27,2
DA:30,34
DA:35,2
DA:45,28
DA:49,1
LF:11
LH:11
BRDA:21,0,0,1
BRDA:21,0,1,2
BRDA:48,1,0,28
BRDA:48,1,1,1
BRF:4
BRH:4
end_of_record
TN:
SF:src\components\Shimmer.js
FN:1,(anonymous_0)
FNF:1
FNH:1
FNDA:3,(anonymous_0)
DA:1,2
DA:2,3
LF:2
LH:2
BRF:0
BRH:0
end_of_record
TN:
SF:src\components\sum.js
FN:3,(anonymous_0)
FNF:1
FNH:1
FNDA:1,(anonymous_0)
DA:3,1
DA:4,1
LF:2
LH:2
BRF:0
BRH:0
end_of_record
TN:
SF:src\utils\UserContext.js
FNF:0
FNH:0
DA:3,3
LF:1
LH:1
BRF:0
BRH:0
end_of_record
TN:
SF:src\utils\appStore.js
FNF:0
FNH:0
DA:4,2
LF:1
LH:1
BRF:0
BRH:0
end_of_record
TN:
SF:src\utils\cartSlice.js
FN:11,(anonymous_0)
FN:15,(anonymous_1)
FN:18,(anonymous_2)
FNF:3
FNH:0
FNDA:0,(anonymous_0)
FNDA:0,(anonymous_1)
FNDA:0,(anonymous_2)
DA:4,2
DA:13,0
DA:16,0
DA:19,0
DA:24,2
DA:28,2
LF:6
LH:3
BRF:0
BRH:0
end_of_record
TN:
SF:src\utils\constants.js
FNF:0
FNH:0
DA:2,3
DA:7,3
DA:10,3
LF:3
LH:3
BRF:0
BRH:0
end_of_record
TN:
SF:src\utils\mockData.js
FNF:0
FNH:0
DA:1,1
LF:1
LH:1
BRF:0
BRH:0
end_of_record
TN:
SF:src\utils\useOnlineStatus.js
FN:4,(anonymous_0)
FN:7,(anonymous_1)
FN:8,(anonymous_2)
FN:12,(anonymous_3)
FNF:4
FNH:2
FNDA:12,(anonymous_0)
FNDA:12,(anonymous_1)
FNDA:0,(anonymous_2)
FNDA:0,(anonymous_3)
DA:4,3
DA:5,12
DA:7,12
DA:8,12
DA:9,0
DA:12,12
DA:13,0
DA:18,12
LF:8
LH:6
BRF:0
BRH:0
end_of_record
TN:
SF:src\utils\useRestaurantMenu.js
FN:4,(anonymous_0)
FN:7,(anonymous_1)
FN:11,(anonymous_2)
FNF:3
FNH:3
FNDA:3,(anonymous_0)
FNDA:1,(anonymous_1)
FNDA:1,(anonymous_2)
DA:4,1
DA:5,3
DA:7,3
DA:8,1
DA:11,3
DA:12,1
DA:18,1
DA:19,1
DA:23,3
LF:9
LH:9
BRF:0
BRH:0
end_of_record
