TN:
SF:src\components\Body.js
FN:10,(anonymous_0)
FN:18,(anonymous_1)
FN:22,(anonymous_2)
FN:62,(anonymous_3)
FN:68,(anonymous_4)
FN:70,(anonymous_5)
FN:84,(anonymous_6)
FN:86,(anonymous_7)
FN:100,(anonymous_8)
FN:105,(anonymous_9)
FNF:10
FNH:7
FNDA:4,(anonymous_0)
FNDA:1,(anonymous_1)
FNDA:1,(anonymous_2)
FNDA:1,(anonymous_3)
FNDA:1,(anonymous_4)
FNDA:20,(anonymous_5)
FNDA:0,(anonymous_6)
FNDA:0,(anonymous_7)
FNDA:0,(anonymous_8)
FNDA:41,(anonymous_9)
DA:10,1
DA:12,4
DA:13,4
DA:14,4
DA:16,4
DA:18,4
DA:19,1
DA:22,4
DA:23,1
DA:27,1
DA:28,1
DA:30,1
DA:33,1
DA:38,4
DA:40,4
DA:41,0
DA:49,4
DA:51,4
DA:63,1
DA:70,1
DA:71,20
DA:75,1
DA:85,0
DA:86,0
DA:88,0
DA:89,0
DA:100,0
DA:106,41
LF:28
LH:22
BRDA:40,0,0,0
BRDA:40,0,1,4
BRDA:51,1,0,1
BRDA:51,1,1,3
BRDA:110,2,0,41
BRDA:110,2,1,0
BRF:6
BRH:4
end_of_record
TN:
SF:src\components\Contact.js
FN:3,(anonymous_0)
FNF:1
FNH:1
FNDA:10,(anonymous_0)
DA:3,1
DA:4,10
LF:2
LH:2
BRF:0
BRH:0
end_of_record
TN:
SF:src\components\Grocery.js
FN:3,(anonymous_0)
FNF:1
FNH:0
FNDA:0,(anonymous_0)
DA:3,1
DA:4,0
LF:2
LH:1
BRF:0
BRH:0
end_of_record
TN:
SF:src\components\Header.js
FN:10,(anonymous_0)
FN:19,(anonymous_1)
FN:22,(anonymous_2)
FN:51,(anonymous_3)
FNF:4
FNH:4
FNDA:4,(anonymous_0)
FNDA:7,(anonymous_1)
FNDA:4,(anonymous_2)
FNDA:1,(anonymous_3)
DA:10,1
DA:11,4
DA:13,4
DA:15,4
DA:19,7
DA:20,4
DA:22,4
DA:23,4
DA:26,4
DA:52,1
LF:10
LH:10
BRDA:33,0,0,4
BRDA:33,0,1,0
BRDA:52,1,0,1
BRDA:52,1,1,0
BRF:4
BRH:2
end_of_record
TN:
SF:src\components\RestaurantCard.js
FN:3,(anonymous_0)
FN:27,(anonymous_1)
FN:28,(anonymous_2)
FNF:3
FNH:3
FNDA:41,(anonymous_0)
FNDA:4,(anonymous_1)
FNDA:41,(anonymous_2)
DA:3,1
DA:4,41
DA:5,41
DA:7,41
DA:9,41
DA:27,1
DA:28,4
DA:29,41
LF:8
LH:8
BRF:0
BRH:0
end_of_record
TN:
SF:src\components\Shimmer.js
FN:1,(anonymous_0)
FNF:1
FNH:1
FNDA:1,(anonymous_0)
DA:1,1
DA:2,1
LF:2
LH:2
BRF:0
BRH:0
end_of_record
TN:
SF:src\components\sum.js
FN:3,(anonymous_0)
FNF:1
FNH:1
FNDA:1,(anonymous_0)
DA:3,1
DA:4,1
LF:2
LH:2
BRF:0
BRH:0
end_of_record
TN:
SF:src\utils\UserContext.js
FNF:0
FNH:0
DA:3,2
LF:1
LH:1
BRF:0
BRH:0
end_of_record
TN:
SF:src\utils\appStore.js
FNF:0
FNH:0
DA:4,1
LF:1
LH:1
BRF:0
BRH:0
end_of_record
TN:
SF:src\utils\cartSlice.js
FN:11,(anonymous_0)
FN:15,(anonymous_1)
FN:18,(anonymous_2)
FNF:3
FNH:0
FNDA:0,(anonymous_0)
FNDA:0,(anonymous_1)
FNDA:0,(anonymous_2)
DA:4,1
DA:13,0
DA:16,0
DA:19,0
DA:24,1
DA:28,1
LF:6
LH:3
BRF:0
BRH:0
end_of_record
TN:
SF:src\utils\constants.js
FNF:0
FNH:0
DA:2,2
DA:7,2
DA:10,2
LF:3
LH:3
BRF:0
BRH:0
end_of_record
TN:
SF:src\utils\mockData.js
FNF:0
FNH:0
DA:1,1
LF:1
LH:1
BRF:0
BRH:0
end_of_record
TN:
SF:src\utils\useOnlineStatus.js
FN:4,(anonymous_0)
FN:7,(anonymous_1)
FN:8,(anonymous_2)
FN:12,(anonymous_3)
FNF:4
FNH:2
FNDA:8,(anonymous_0)
FNDA:8,(anonymous_1)
FNDA:0,(anonymous_2)
FNDA:0,(anonymous_3)
DA:4,2
DA:5,8
DA:7,8
DA:8,8
DA:9,0
DA:12,8
DA:13,0
DA:18,8
LF:8
LH:6
BRF:0
BRH:0
end_of_record
